Arguments: 
  /usr/local/bin/node /home/sonicxboom/.yarn/bin/yarn.js add .

PATH: 
  /home/sonicxboom/.yarn/bin:/home/sonicxboom/.config/yarn/global/node_modules/.bin:/home/sonicxboom/bin:/home/sonicxboom/.local/bin:/home/sonicxboom/.yarn/bin:/home/sonicxboom/.config/yarn/global/node_modules/.bin:/home/sonicxboom/bin:/home/sonicxboom/.local/bin:/usr/local/sbin:/usr/local/bin:/usr/sbin:/usr/bin:/sbin:/bin:/usr/games:/usr/local/games:/snap/bin

Yarn version: 
  1.22.4

Node version: 
  12.16.3

Platform: 
  linux x64

Trace: 
  SyntaxError: /home/sonicxboom/Documents/Real Projects/dricks_pizza/package.json: Unexpected token < in JSON at position 1216
      at JSON.parse (<anonymous>)
      at /home/sonicxboom/.yarn/lib/cli.js:1625:59
      at Generator.next (<anonymous>)
      at step (/home/sonicxboom/.yarn/lib/cli.js:310:30)
      at /home/sonicxboom/.yarn/lib/cli.js:321:13

npm manifest: 
  {
    "name": "dricks_pizza",
    "version": "1.0.0",
    "description": "",
    "main": "index.js",
    "scripts": {
      "dev": "webpack-dev-server --mode development --open --hot",
      "build": "webpack --mode production"
    },
    "keywords": [],
    "author": "",
    "license": "ISC",
    "dependencies": {
      "buble": "^0.20.0",
      "classnames": "^2.2.6",
      "moment": "^2.27.0",
      "react": "^16.13.1",
      "react-dom": "^16.13.1",
      "react-responsive": "^8.1.0",
      "react-scrollable-anchor": "^0.6.1",
      "stylus": "^0.54.7",
      "webpack": "^4.43.0",
      "webpack-cli": "^3.3.12",
      "webpack-dev-server": "^3.11.0"
    },
    "devDependencies": {
      "babel-eslint": "^10.1.0",
      "buble-loader": "^0.5.1",
      "copy-webpack-plugin": "^6.0.2",
      "css-hot-loader": "^1.4.4",
      "css-loader": "^3.6.0",
      "cssnano": "^4.1.10",
      "eslint": "^7.3.1",
      "eslint-friendly-formatter": "^4.0.1",
      "eslint-loader": "^4.0.2",
      "eslint-plugin-react": "^7.20.0",
      "html-webpack-plugin": "^4.3.0",
      "imagemin-webpack-plugin": "^2.4.2",
      "mini-css-extract-plugin": "^0.9.0",
      "postcss": "^7.0.32",
      "postcss-font-magician": "^2.3.1",
      "postcss-loader": "^3.0.0",
      "postcss-preset-env": "^6.7.0",
  <<<<<<< HEAD
      "rfs": "^9.0.3",
  =======
      "progress-bar-webpack-plugin": "^2.1.0",
      "react": "^16.12.0",
      "react-dom": "^16.12.0",
      "rfs": "^9.0.2",
  >>>>>>> 1fd069739b1fd3a3d706b020f75eb62faf204637
      "stylus-loader": "^3.0.2",
      "terser": "^4.8.0",
      "terser-webpack-plugin": "^3.0.6",
      "url-loader": "^4.1.0"
    }
  }

yarn manifest: 
  No manifest

Lockfile: 
  No lockfile
